[ 2014-08-03T09:29:12+08:00 ] 192.168.2.10 /
SQL: SHOW COLUMNS FROM `onethink_category` [ RunTime:0.002232s ]
SQL: SELECT `id`,`name`,`title`,`pid`,`sort`,`list_row`,`meta_title`,`keywords`,`description`,`template_index`,`template_lists`,`template_detail`,`template_edit`,`model`,`type`,`link_id`,`allow_publish`,`display`,`reply`,`check`,`reply_model`,`extend`,`create_time`,`update_time`,`status`,`icon` FROM `onethink_category` WHERE ( `status` = 1 ) ORDER BY sort  [ RunTime:0.011928s ]
SQL: SHOW COLUMNS FROM `onethink_document` [ RunTime:0.002065s ]
SQL: SELECT `id`,`uid`,`name`,`title`,`category_id`,`description`,`root`,`pid`,`model_id`,`type`,`position`,`link_id`,`cover_id`,`display`,`deadline`,`attach`,`view`,`comment`,`extend`,`level`,`create_time`,`update_time`,`status` FROM `onethink_document` WHERE ( `status` = 1 ) AND ( `pid` = 0 ) AND ( `create_time` < 1407029351 ) AND ( deadline = 0 OR deadline > 1407029351 ) ORDER BY `id` DESC  [ RunTime:0.017709s ]
INFO: [ view_parse ] --START--
INFO: [ template_filter ] --START--
INFO: Run Behavior\ContentReplace [ RunTime:0.000109s ]
INFO: [ template_filter ] --END-- [ RunTime:0.000187s ]
SQL: SHOW COLUMNS FROM `onethink_channel` [ RunTime:0.000957s ]
SQL: SELECT `id`,`pid`,`title`,`url`,`sort`,`create_time`,`update_time`,`status`,`target` FROM `onethink_channel` WHERE ( status=1 ) ORDER BY sort  [ RunTime:0.000492s ]
SQL: SELECT `id`,`name`,`title`,`pid`,`sort`,`list_row`,`meta_title`,`keywords`,`description`,`template_index`,`template_lists`,`template_detail`,`template_edit`,`model`,`type`,`link_id`,`allow_publish`,`display`,`reply`,`check`,`reply_model`,`extend`,`create_time`,`update_time`,`status`,`icon` FROM `onethink_category` WHERE ( `id` = 1 ) LIMIT 1   [ RunTime:0.000300s ]
SQL: SELECT `id`,`name`,`pid`,`title`,`link_id` FROM `onethink_category` WHERE ( `status` = 1 ) ORDER BY sort  [ RunTime:0.000219s ]
SQL: SELECT `id`,`uid`,`name`,`title`,`category_id`,`description`,`root`,`pid`,`model_id`,`type`,`position`,`link_id`,`cover_id`,`display`,`deadline`,`attach`,`view`,`comment`,`extend`,`level`,`create_time`,`update_time`,`status` FROM `onethink_document` WHERE ( `status` = 1 ) AND ( `pid` = 0 ) AND ( `category_id` IN ('43','45','2') ) AND ( `create_time` < 1407029351 ) AND ( deadline = 0 OR deadline > 1407029351 ) ORDER BY `level` DESC,`id` DESC LIMIT 0,10   [ RunTime:0.000605s ]
SQL: SELECT `id`,`name`,`title`,`pid`,`sort`,`list_row`,`meta_title`,`keywords`,`description`,`template_index`,`template_lists`,`template_detail`,`template_edit`,`model`,`type`,`link_id`,`allow_publish`,`display`,`reply`,`check`,`reply_model`,`extend`,`create_time`,`update_time`,`status`,`icon` FROM `onethink_category` WHERE ( `id` = 1 ) LIMIT 1   [ RunTime:0.000156s ]
SQL: SELECT `id`,`name`,`pid`,`title`,`link_id` FROM `onethink_category` WHERE ( `status` = 1 ) ORDER BY sort  [ RunTime:0.000092s ]
INFO: [ view_parse ] --START--
INFO: [ template_filter ] --START--
INFO: Run Behavior\ContentReplace [ RunTime:0.000040s ]
INFO: [ template_filter ] --END-- [ RunTime:-0.012803s ]
INFO: Run Behavior\ParseTemplate [ RunTime:0.003481s ]
INFO: [ view_parse ] --END-- [ RunTime:0.003574s ]
INFO: [ view_filter ] --START--
INFO: Run Behavior\WriteHtmlCache [ RunTime:0.000602s ]
INFO: [ view_filter ] --END-- [ RunTime:0.000658s ]
INFO: Run Behavior\ParseTemplate [ RunTime:0.004348s ]
INFO: [ view_parse ] --END-- [ RunTime:0.003574s ]
INFO: [ view_filter ] --START--
INFO: Run Behavior\WriteHtmlCache [ RunTime:0.000009s ]
INFO: [ view_filter ] --END-- [ RunTime:-0.000200s ]
INFO: [ app_end ] --START--
INFO: Run Behavior\ShowPageTrace [ RunTime:0.000655s ]
INFO: [ app_end ] --END-- [ RunTime:0.000719s ]

[ 2014-08-03T14:33:44+08:00 ] 127.0.0.1 /
SQL: SHOW COLUMNS FROM `onethink_category` [ RunTime:0.001559s ]
SQL: SELECT `id`,`name`,`title`,`pid`,`sort`,`list_row`,`meta_title`,`keywords`,`description`,`template_index`,`template_lists`,`template_detail`,`template_edit`,`model`,`type`,`link_id`,`allow_publish`,`display`,`reply`,`check`,`reply_model`,`extend`,`create_time`,`update_time`,`status`,`icon` FROM `onethink_category` WHERE ( `status` = 1 ) ORDER BY sort  [ RunTime:0.000224s ]
SQL: SHOW COLUMNS FROM `onethink_document` [ RunTime:0.001387s ]
SQL: SELECT `id`,`uid`,`name`,`title`,`category_id`,`description`,`root`,`pid`,`model_id`,`type`,`position`,`link_id`,`cover_id`,`display`,`deadline`,`attach`,`view`,`comment`,`extend`,`level`,`create_time`,`update_time`,`status` FROM `onethink_document` WHERE ( `status` = 1 ) AND ( `pid` = 0 ) AND ( `create_time` < 1407047624 ) AND ( deadline = 0 OR deadline > 1407047624 ) ORDER BY `id` DESC  [ RunTime:0.000791s ]
INFO: [ view_parse ] --START--
INFO: [ template_filter ] --START--
INFO: Run Behavior\ContentReplace [ RunTime:0.000093s ]
INFO: [ template_filter ] --END-- [ RunTime:0.000184s ]
INFO: Run Behavior\ParseTemplate [ RunTime:0.013210s ]
INFO: [ view_parse ] --END-- [ RunTime:0.013288s ]
INFO: [ view_filter ] --START--
INFO: Run Behavior\WriteHtmlCache [ RunTime:0.000154s ]
INFO: [ view_filter ] --END-- [ RunTime:0.000207s ]
INFO: 
INFO: 
INFO: 

[ 2014-08-03T14:33:54+08:00 ] 127.0.0.1 /
SQL: SHOW COLUMNS FROM `onethink_category` [ RunTime:0.001416s ]
SQL: SELECT `id`,`name`,`title`,`pid`,`sort`,`list_row`,`meta_title`,`keywords`,`description`,`template_index`,`template_lists`,`template_detail`,`template_edit`,`model`,`type`,`link_id`,`allow_publish`,`display`,`reply`,`check`,`reply_model`,`extend`,`create_time`,`update_time`,`status`,`icon` FROM `onethink_category` WHERE ( `status` = 1 ) ORDER BY sort  [ RunTime:0.000156s ]
SQL: SHOW COLUMNS FROM `onethink_document` [ RunTime:0.001358s ]
SQL: SELECT `id`,`uid`,`name`,`title`,`category_id`,`description`,`root`,`pid`,`model_id`,`type`,`position`,`link_id`,`cover_id`,`display`,`deadline`,`attach`,`view`,`comment`,`extend`,`level`,`create_time`,`update_time`,`status` FROM `onethink_document` WHERE ( `status` = 1 ) AND ( `pid` = 0 ) AND ( `create_time` < 1407047634 ) AND ( deadline = 0 OR deadline > 1407047634 ) ORDER BY `id` DESC  [ RunTime:0.000775s ]
INFO: [ view_parse ] --START--
INFO: [ template_filter ] --START--
INFO: Run Behavior\ContentReplace [ RunTime:0.000089s ]
INFO: [ template_filter ] --END-- [ RunTime:0.000180s ]
INFO: Run Behavior\ParseTemplate [ RunTime:0.014661s ]
INFO: [ view_parse ] --END-- [ RunTime:0.014750s ]
INFO: [ view_filter ] --START--
INFO: Run Behavior\WriteHtmlCache [ RunTime:0.000169s ]
INFO: [ view_filter ] --END-- [ RunTime:0.000222s ]
INFO: [ app_end ] --START--
INFO: Run Behavior\ShowPageTrace [ RunTime:0.000483s ]
INFO: [ app_end ] --END-- [ RunTime:0.000545s ]

